#
# An unexpected error has been detected by Java Runtime Environment:
#
#  Internal Error (0xe06d7363), pid=4708, tid=5212
#
# Java VM: Java HotSpot(TM) Client VM (10.0-b19 mixed mode windows-x86)
# Problematic frame:
# C  [KERNELBASE.dll+0x9617]
#
# If you would like to submit a bug report, please visit:
#   http://java.sun.com/webapps/bugreport/crash.jsp
# The crash happened outside the Java Virtual Machine in native code.
# See problematic frame for where to report the bug.
#

---------------  T H R E A D  ---------------

Current thread (0x07afe400):  JavaThread "main" [_thread_in_native, id=5212, stack(0x00430000,0x00c30000)]

siginfo: ExceptionCode=0xe06d7363, ExceptionInformation=0x19930520 0x00c29354 0x7b3972d4 

Registers:
EAX=0x00c23274, EBX=0x00000000, ECX=0x00000003, EDX=0x00000000
ESP=0x00c23274, EBP=0x00c232c4, ESI=0x00c29318, EDI=0x79407ab4
EIP=0x75599617, EFLAGS=0x00200216

Top of Stack: (sp=0x00c23274)
0x00c23274:   e06d7363 00000001 00000000 75599617
0x00c23284:   00000003 19930520 00c29354 7b3972d4
0x00c23294:   264b85a8 0000002f 264b81b8 00000025
0x00c232a4:   00c232c8 002b394d 264b85a8 0000002f
0x00c232b4:   002b3958 00000025 00c29338 00c29374
0x00c232c4:   00c232fc 00108e89 e06d7363 00000001
0x00c232d4:   00000003 00c232f0 e06d7363 00000001
0x00c232e4:   00000000 00000000 00000003 19930520 

Instructions: (pc=0x75599617)
0x75599607:   d1 ff ff 83 c4 0c 8d 45 b0 50 ff 15 6c 11 59 75
0x75599617:   c9 c2 10 00 89 45 c0 eb ed 90 90 90 90 90 8b ff 


Stack: [0x00430000,0x00c30000],  sp=0x00c23274,  free space=8140k
Native frames: (J=compiled Java code, j=interpreted, Vv=VM code, C=native code)
C  [KERNELBASE.dll+0x9617]
C  [MSVCR80.dll+0x28e89]
C  [libmx.dll+0x13bc9]
C  [libmx.dll+0x14218]
C  [jmi.dll+0x5b6c]
C  [jmi.dll+0x5bec]
C  [jmi.dll+0x6778]
C  0x7aeb2143
C  0x7aeb20d3
C  0x7aeb2227
C  [libmwservices.dll+0xb8bbd]
C  0x7878d717
C  0x78786d8a
C  0x78786e5f
C  0x7878ab54
C  0x7878a086
C  [mlutil.dll+0x1267f]
C  [mlutil.dll+0x1a0fd]
C  0x7878abea
v  ~BufferBlob::Interpreter
v  ~BufferBlob::Interpreter
v  ~BufferBlob::Interpreter
v  ~BufferBlob::Interpreter
v  ~BufferBlob::Interpreter
v  ~BufferBlob::Interpreter
v  ~BufferBlob::Interpreter
v  ~BufferBlob::Interpreter
v  ~BufferBlob::Interpreter
J  sun.nio.cs.StreamEncoder.implWrite([CII)V
J  sun.nio.cs.StreamEncoder.write([CII)V
J  java.io.OutputStreamWriter.write([CII)V
v  ~BufferBlob::Interpreter
v  ~BufferBlob::Interpreter
v  ~BufferBlob::Interpreter
v  ~BufferBlob::Interpreter
v  ~BufferBlob::Interpreter
v  ~BufferBlob::Interpreter
v  ~BufferBlob::StubRoutines (1)

Java frames: (J=compiled Java code, j=interpreted, Vv=VM code)
v  ~BufferBlob::Interpreter
v  ~BufferBlob::Interpreter
v  ~BufferBlob::Interpreter
v  ~BufferBlob::Interpreter
v  ~BufferBlob::Interpreter
v  ~BufferBlob::Interpreter
v  ~BufferBlob::Interpreter
v  ~BufferBlob::Interpreter
v  ~BufferBlob::Interpreter
J  sun.nio.cs.StreamEncoder.implWrite([CII)V
J  sun.nio.cs.StreamEncoder.write([CII)V
J  java.io.OutputStreamWriter.write([CII)V
v  ~BufferBlob::Interpreter
v  ~BufferBlob::Interpreter
v  ~BufferBlob::Interpreter
v  ~BufferBlob::Interpreter
v  ~BufferBlob::Interpreter
v  ~BufferBlob::Interpreter
v  ~BufferBlob::StubRoutines (1)

---------------  P R O C E S S  ---------------

Java Threads: ( => current thread )
  0x0bf9e400 JavaThread "Thread-158" [_thread_blocked, id=4904, stack(0x04210000,0x04290000)]
  0x0bf9e000 JavaThread "Foxtrot Single Worker Thread #1" daemon [_thread_blocked, id=6064, stack(0x042c0000,0x04340000)]
  0x0bf9d800 JavaThread "Prefs Updater" [_thread_blocked, id=880, stack(0x0fbc0000,0x0fc40000)]
  0x0bf9d000 JavaThread "Active Reference Queue Daemon" daemon [_thread_blocked, id=4212, stack(0x0fa50000,0x0fad0000)]
  0x0bf9c800 JavaThread "Timer-5" daemon [_thread_blocked, id=4728, stack(0x0f9d0000,0x0fa50000)]
  0x0bf9bc00 JavaThread "Timer-4" daemon [_thread_blocked, id=4184, stack(0x0f8f0000,0x0f970000)]
  0x0c144c00 JavaThread "Timer-1" [_thread_blocked, id=1380, stack(0x0d840000,0x0d8c0000)]
  0x0bf37c00 JavaThread "TimerQueue" daemon [_thread_blocked, id=952, stack(0x0d540000,0x0d5c0000)]
  0x0bf4a000 JavaThread "AWT-EventQueue-0" [_thread_blocked, id=4880, stack(0x0d4c0000,0x0d540000)]
  0x0bf49c00 JavaThread "AWT-Shutdown" [_thread_blocked, id=860, stack(0x0d440000,0x0d4c0000)]
  0x0be51000 JavaThread "AWT-Windows" daemon [_thread_blocked, id=2392, stack(0x0c7b0000,0x0c830000)]
  0x0be50800 JavaThread "Java2D Disposer" daemon [_thread_blocked, id=6032, stack(0x0c4b0000,0x0c530000)]
  0x0b665c00 JavaThread "Timer-0" [_thread_blocked, id=5604, stack(0x0b7e0000,0x0b860000)]
  0x0b61f000 JavaThread "JMI Unnamed Thread" [_thread_in_native, id=5476, stack(0x04da0000,0x055a0000)]
  0x07ba8c00 JavaThread "Low Memory Detector" daemon [_thread_blocked, id=5456, stack(0x0ad60000,0x0ade0000)]
  0x07ba7400 JavaThread "CompilerThread0" daemon [_thread_blocked, id=4564, stack(0x0a560000,0x0ad60000)]
  0x07b9bc00 JavaThread "Attach Listener" daemon [_thread_blocked, id=5948, stack(0x0a4e0000,0x0a560000)]
  0x07b7f000 JavaThread "Finalizer" daemon [_thread_blocked, id=1956, stack(0x0a460000,0x0a4e0000)]
  0x07b7e000 JavaThread "Reference Handler" daemon [_thread_blocked, id=2668, stack(0x0a3e0000,0x0a460000)]
=>0x07afe400 JavaThread "main" [_thread_in_native, id=5212, stack(0x00430000,0x00c30000)]

Other Threads:
  0x07b79800 VMThread [stack: 0x09be0000,0x0a3e0000] [id=4312]
  0x07bba000 WatcherThread [stack: 0x0ade0000,0x0b5e0000] [id=2288]

VM state:at safepoint (normal execution)

VM Mutex/Monitor currently owned by a thread:  ([mutex/lock_event])
[0x07afeed0/0x0000046c] Threads_lock - owner thread: 0x07b79800
[0x07afdd50/0x000004ac] Heap_lock - owner thread: 0x0c144c00

Heap
 def new generation   total 29504K, used 29504K [0x10010000, 0x12010000, 0x12010000)
  eden space 26240K, 100% used [0x10010000, 0x119b0000, 0x119b0000)
  from space 3264K, 100% used [0x11ce0000, 0x12010000, 0x12010000)
  to   space 3264K,   0% used [0x119b0000, 0x119b0000, 0x11ce0000)
 tenured generation   total 98304K, used 98304K [0x12010000, 0x18010000, 0x18010000)
   the space 98304K, 100% used [0x12010000, 0x18010000, 0x13b7ba00, 0x18010000)
 compacting perm gen  total 32768K, used 32721K [0x18010000, 0x1a010000, 0x1c010000)
   the space 32768K,  99% used [0x18010000, 0x1a004608, 0x1a004800, 0x1a010000)
No shared spaces configured.

Dynamic libraries:
0x00400000 - 0x0042f000 	E:\Program Files\MATLAB\R2009a\bin\win32\MATLAB.exe
0x77140000 - 0x7727d000 	C:\Windows\SYSTEM32\ntdll.dll
0x75df0000 - 0x75ec4000 	C:\Windows\system32\kernel32.dll
0x75590000 - 0x755da000 	C:\Windows\system32\KERNELBASE.dll
0x7b280000 - 0x7b34a000 	E:\Program Files\MATLAB\R2009a\bin\win32\libut.dll
0x76040000 - 0x7606a000 	C:\Windows\system32\imagehlp.dll
0x75a10000 - 0x75abc000 	C:\Windows\system32\msvcrt.dll
0x755e0000 - 0x755e5000 	C:\Windows\system32\PSAPI.DLL
0x7bba0000 - 0x7bbbf000 	E:\Program Files\MATLAB\R2009a\bin\win32\LIBEXPAT.dll
0x000e0000 - 0x0017b000 	C:\Windows\WinSxS\x86_microsoft.vc80.crt_1fc8b3b9a1e18e3b_8.0.50727.5592_none_d09196c24426e2d4\MSVCR80.dll
0x7b6b0000 - 0x7b791000 	E:\Program Files\MATLAB\R2009a\bin\win32\icuuc38.dll
0x75bb0000 - 0x75c50000 	C:\Windows\system32\ADVAPI32.dll
0x77280000 - 0x77299000 	C:\Windows\SYSTEM32\sechost.dll
0x75ac0000 - 0x75b61000 	C:\Windows\system32\RPCRT4.dll
0x7ad90000 - 0x7ad94000 	E:\Program Files\MATLAB\R2009a\bin\win32\icudt38.dll
0x7ada0000 - 0x7adac000 	E:\Program Files\MATLAB\R2009a\bin\win32\icuio38.dll
0x7afe0000 - 0x7b0c4000 	E:\Program Files\MATLAB\R2009a\bin\win32\icuin38.dll
0x002b0000 - 0x00337000 	C:\Windows\WinSxS\x86_microsoft.vc80.crt_1fc8b3b9a1e18e3b_8.0.50727.5592_none_d09196c24426e2d4\MSVCP80.dll
0x75ed0000 - 0x75f99000 	C:\Windows\system32\USER32.dll
0x772a0000 - 0x772ee000 	C:\Windows\system32\GDI32.dll
0x75a00000 - 0x75a0a000 	C:\Windows\system32\LPK.dll
0x75fa0000 - 0x7603d000 	C:\Windows\system32\USP10.dll
0x782e0000 - 0x78317000 	E:\Program Files\MATLAB\R2009a\bin\win32\libmwfl.dll
0x10000000 - 0x1000e000 	E:\Program Files\MATLAB\R2009a\bin\win32\boost_date_time-vc80-mt-1_36.dll
0x00360000 - 0x00370000 	E:\Program Files\MATLAB\R2009a\bin\win32\boost_signals-vc80-mt-1_36.dll
0x00380000 - 0x00387000 	E:\Program Files\MATLAB\R2009a\bin\win32\boost_system-vc80-mt-1_36.dll
0x003a0000 - 0x003ac000 	E:\Program Files\MATLAB\R2009a\bin\win32\boost_thread-vc80-mt-1_36.dll
0x7b3b0000 - 0x7b59a000 	E:\Program Files\MATLAB\R2009a\bin\win32\libmwservices.dll
0x7b350000 - 0x7b3aa000 	E:\Program Files\MATLAB\R2009a\bin\win32\libmx.dll
0x787a0000 - 0x787b3000 	E:\Program Files\MATLAB\R2009a\bin\win32\zlib1.dll
0x7b5a0000 - 0x7b6af000 	E:\Program Files\MATLAB\R2009a\bin\win32\libmwmathutil.dll
0x79510000 - 0x79543000 	E:\Program Files\MATLAB\R2009a\bin\win32\mpath.dll
0x00c30000 - 0x00c5f000 	E:\Program Files\MATLAB\R2009a\bin\win32\mlutil.dll
0x00c70000 - 0x00ca9000 	E:\Program Files\MATLAB\R2009a\bin\win32\tbb.dll
0x00cb0000 - 0x00d34000 	C:\Windows\WinSxS\x86_microsoft.windows.common-controls_6595b64144ccf1df_5.82.7600.16661_none_ebfb56996c72aefc\COMCTL32.dll
0x75680000 - 0x756fb000 	C:\Windows\system32\comdlg32.dll
0x75700000 - 0x75757000 	C:\Windows\system32\SHLWAPI.dll
0x76070000 - 0x76cb9000 	C:\Windows\system32\SHELL32.dll
0x73320000 - 0x73331000 	C:\Windows\system32\NETAPI32.dll
0x732c0000 - 0x732c9000 	C:\Windows\system32\netutils.dll
0x75000000 - 0x75019000 	C:\Windows\system32\srvcli.dll
0x732b0000 - 0x732bf000 	C:\Windows\system32\wkscli.dll
0x75b70000 - 0x75ba5000 	C:\Windows\system32\WS2_32.dll
0x75760000 - 0x75766000 	C:\Windows\system32\NSI.dll
0x79a80000 - 0x79ad3000 	E:\Program Files\MATLAB\R2009a\bin\win32\mcr.dll
0x7adb0000 - 0x7adeb000 	E:\Program Files\MATLAB\R2009a\bin\win32\iqm.dll
0x7a080000 - 0x7a558000 	E:\Program Files\MATLAB\R2009a\bin\win32\m_interpreter.dll
0x7ae00000 - 0x7ae0c000 	E:\Program Files\MATLAB\R2009a\bin\win32\libmex.dll
0x79960000 - 0x799b7000 	E:\Program Files\MATLAB\R2009a\bin\win32\m_dispatcher.dll
0x78670000 - 0x7868c000 	E:\Program Files\MATLAB\R2009a\bin\win32\datasvcs.dll
0x78df0000 - 0x78fb2000 	E:\Program Files\MATLAB\R2009a\bin\win32\xerces-c_2_7.dll
0x00db0000 - 0x00e4d000 	E:\Program Files\MATLAB\R2009a\bin\win32\boost_regex-vc80-mt-1_36.dll
0x79870000 - 0x798c7000 	E:\Program Files\MATLAB\R2009a\bin\win32\profiler.dll
0x7ae60000 - 0x7ae7e000 	E:\Program Files\MATLAB\R2009a\bin\win32\libmwmathrng.dll
0x78720000 - 0x78732000 	E:\Program Files\MATLAB\R2009a\bin\win32\m_pcodeio.dll
0x794d0000 - 0x79507000 	E:\Program Files\MATLAB\R2009a\bin\win32\m_ir.dll
0x79b60000 - 0x7a077000 	E:\Program Files\MATLAB\R2009a\bin\win32\m_parser.dll
0x7adf0000 - 0x7adfe000 	E:\Program Files\MATLAB\R2009a\bin\win32\ir_xfmr.dll
0x78320000 - 0x78468000 	E:\Program Files\MATLAB\R2009a\bin\win32\mcos.dll
0x7aea0000 - 0x7aeaa000 	E:\Program Files\MATLAB\R2009a\bin\win32\mtok.dll
0x78700000 - 0x78716000 	E:\Program Files\MATLAB\R2009a\bin\win32\m_pcodegen.dll
0x78650000 - 0x7866b000 	E:\Program Files\MATLAB\R2009a\bin\win32\bridge.dll
0x7aae0000 - 0x7ab64000 	E:\Program Files\MATLAB\R2009a\bin\win32\udd.dll
0x7b7a0000 - 0x7b89b000 	E:\Program Files\MATLAB\R2009a\bin\win32\libmwgui.dll
0x78800000 - 0x789f1000 	E:\Program Files\MATLAB\R2009a\bin\win32\hg.dll
0x78690000 - 0x786b2000 	E:\Program Files\MATLAB\R2009a\bin\win32\libmat.dll
0x7b0d0000 - 0x7b275000 	E:\Program Files\MATLAB\R2009a\bin\win32\libhdf5.dll
0x793e0000 - 0x7941e000 	E:\Program Files\MATLAB\R2009a\bin\win32\jmi.dll
0x790f0000 - 0x7911c000 	E:\Program Files\MATLAB\R2009a\bin\win32\libmwhardcopy.dll
0x79490000 - 0x794c7000 	E:\Program Files\MATLAB\R2009a\bin\win32\libuij.dll
0x78d50000 - 0x78de5000 	E:\Program Files\MATLAB\R2009a\bin\win32\libmwmathlinalg.dll
0x78a60000 - 0x78d42000 	E:\Program Files\MATLAB\R2009a\bin\win32\libmwmathelem.dll
0x78a00000 - 0x78a52000 	E:\Program Files\MATLAB\R2009a\bin\win32\libmwmathcore.dll
0x798d0000 - 0x79917000 	E:\Program Files\MATLAB\R2009a\bin\win32\libmwcholmod.dll
0x7ae10000 - 0x7ae1a000 	E:\Program Files\MATLAB\R2009a\bin\win32\libmwamd.dll
0x7ae40000 - 0x7ae49000 	E:\Program Files\MATLAB\R2009a\bin\win32\libmwcolamd.dll
0x7ae30000 - 0x7ae3d000 	E:\Program Files\MATLAB\R2009a\bin\win32\libmwblas.dll
0x7ae20000 - 0x7ae2c000 	E:\Program Files\MATLAB\R2009a\bin\win32\libmwbinder.dll
0x786c0000 - 0x786f8000 	E:\Program Files\MATLAB\R2009a\bin\win32\libmwlapack.dll
0x01010000 - 0x01045000 	E:\Program Files\MATLAB\R2009a\bin\win32\libmwrookfastbp.dll
0x79120000 - 0x7915c000 	E:\Program Files\MATLAB\R2009a\bin\win32\libmwma57.dll
0x7aef0000 - 0x7afd9000 	E:\Program Files\MATLAB\R2009a\bin\win32\libifcoremd.dll
0x79550000 - 0x79813000 	E:\Program Files\MATLAB\R2009a\bin\win32\libmmd.dll
0x7ae50000 - 0x7ae5c000 	E:\Program Files\MATLAB\R2009a\bin\win32\libmwcsparse.dll
0x79a20000 - 0x79a73000 	E:\Program Files\MATLAB\R2009a\bin\win32\libmwumfpack.dll
0x01090000 - 0x01137000 	E:\Program Files\MATLAB\R2009a\bin\win32\hgdatatypes.dll
0x7ab70000 - 0x7ad89000 	E:\Program Files\MATLAB\R2009a\bin\win32\uiw.dll
0x7aee0000 - 0x7aee9000 	E:\Program Files\MATLAB\R2009a\bin\win32\uinone.dll
0x01170000 - 0x0127f000 	C:\Windows\WinSxS\x86_microsoft.vc80.mfc_1fc8b3b9a1e18e3b_8.0.50727.5592_none_cbf62b764709d1c9\MFC80.DLL
0x737a0000 - 0x737f1000 	C:\Windows\system32\WINSPOOL.DRV
0x75770000 - 0x758cc000 	C:\Windows\system32\ole32.dll
0x755f0000 - 0x7567f000 	C:\Windows\system32\OLEAUT32.dll
0x79ae0000 - 0x79b55000 	E:\Program Files\MATLAB\R2009a\bin\win32\udd_mi.dll
0x78740000 - 0x78753000 	E:\Program Files\MATLAB\R2009a\bin\win32\mwoles05.DLL
0x79820000 - 0x79864000 	E:\Program Files\MATLAB\R2009a\bin\win32\comcli.dll
0x012b0000 - 0x012cb000 	C:\Windows\WinSxS\x86_microsoft.vc80.atl_1fc8b3b9a1e18e3b_8.0.50727.5592_none_d1cb520e4353d918\ATL80.DLL
0x7ae90000 - 0x7ae9b000 	E:\Program Files\MATLAB\R2009a\bin\win32\mlautoregister.dll
0x772f0000 - 0x7730f000 	C:\Windows\system32\IMM32.DLL
0x75930000 - 0x759fc000 	C:\Windows\system32\MSCTF.dll
0x752e0000 - 0x752eb000 	C:\Windows\system32\profapi.dll
0x75260000 - 0x7526c000 	C:\Windows\system32\CRYPTBASE.dll
0x73ea0000 - 0x73ee0000 	C:\Windows\system32\uxtheme.dll
0x03130000 - 0x0318d000 	C:\Program Files\360\360Safe\safemon\safemon.dll
0x03380000 - 0x033e6000 	C:\Windows\system32\MSVCP60.dll
0x76e60000 - 0x76f7a000 	C:\Windows\system32\WININET.dll
0x77310000 - 0x77313000 	C:\Windows\system32\Normaliz.dll
0x76f80000 - 0x77136000 	C:\Windows\system32\iertutil.dll
0x75ce0000 - 0x75df0000 	C:\Windows\system32\urlmon.dll
0x74760000 - 0x74769000 	C:\Windows\system32\VERSION.dll
0x73f20000 - 0x740be000 	C:\Windows\WinSxS\x86_microsoft.windows.common-controls_6595b64144ccf1df_6.0.7600.16661_none_420fe3fa2b8113bd\comctl32.dll
0x76cc0000 - 0x76e5d000 	C:\Windows\system32\SETUPAPI.dll
0x75530000 - 0x75557000 	C:\Windows\system32\CFGMGR32.dll
0x75510000 - 0x75522000 	C:\Windows\system32\DEVOBJ.dll
0x75c50000 - 0x75cd3000 	C:\Windows\system32\CLBCatQ.DLL
0x74380000 - 0x74475000 	C:\Windows\system32\propsys.dll
0x74570000 - 0x74591000 	C:\Windows\system32\ntmarta.dll
0x77320000 - 0x77365000 	C:\Windows\system32\WLDAP32.dll
0x73c80000 - 0x73c9c000 	C:\Windows\system32\iphlpapi.dll
0x73a00000 - 0x73a07000 	C:\Windows\system32\WINNSI.DLL
0x74be0000 - 0x74c24000 	C:\Windows\system32\DNSAPI.dll
0x729d0000 - 0x729dd000 	C:\Windows\system32\dhcpcsvc6.DLL
0x729b0000 - 0x729c2000 	C:\Windows\system32\dhcpcsvc.DLL
0x01500000 - 0x01503000 	C:\Windows\system32\icmp.Dll
0x79190000 - 0x793e0000 	E:\Program Files\MATLAB\R2009a\sys\java\jre\win32\jre\bin\client\jvm.dll
0x73c30000 - 0x73c62000 	C:\Windows\system32\WINMM.dll
0x033f0000 - 0x03446000 	E:\Program Files\MATLAB\R2009a\bin\win32\MSVCR71.dll
0x751e0000 - 0x7522b000 	C:\Windows\system32\apphelp.dll
0x07950000 - 0x07a3b000 	C:\Windows\system32\dbghelp.dll

VM Arguments:
jvm_args: -Xss512k -XX:PermSize=32m -Xms64m -XX:NewRatio=3 -XX:MaxPermSize=64m -Xmx128m -XX:MaxDirectMemorySize=1200000000 -Dsun.java2d.noddraw=true -Dsun.awt.nopixfmt=true -Xshare:off -Xrs -Djava.library.path=E:\Program Files\MATLAB\R2009a\bin\win32 vfprintf abort 
java_command: <unknown>
Launcher Type: generic

Environment Variables:
PATH=C:\Program Files\Common Files\Microsoft Shared\Windows Live;C:\Windows\system32;C:\Windows;C:\Windows\System32\Wbem;C:\Windows\System32\WindowsPowerShell\v1.0\;C:\Program Files\ATI Technologies\ATI.ACE\Core-Static;C:\Program Files\Common Files\Lenovo;C:\Program Files\Common Files\Ulead Systems\MPEG;C:\Program Files\Windows Live\Shared;C:\SWTOOLS\ReadyApps;C:\Program Files\Common Files\Thunder Network\KanKan\Codecs;E:\Program Files\MATLAB\R2009a\bin;E:\Program Files\MATLAB\R2009a\bin\win32
USERNAME=chufan
OS=Windows_NT
PROCESSOR_IDENTIFIER=x86 Family 6 Model 37 Stepping 5, GenuineIntel



---------------  S Y S T E M  ---------------

OS: Windows NT 6.1 Build 7600 

CPU:total 4 (8 cores per cpu, 2 threads per core) family 6 model 5 stepping 5, cmov, cx8, fxsr, mmx, sse, sse2, sse3, ssse3, ht

Memory: 4k page, physical 2019892k(787108k free), swap 4039784k(2015240k free)

vm_info: Java HotSpot(TM) Client VM (10.0-b19) for windows-x86 JRE (1.6.0_04-b12), built on Dec 14 2007 00:51:20 by "java_re" with MS VC++ 7.1

time: Tue May 03 00:31:43 2011
elapsed time: 15452 seconds

