#
# An unexpected error has been detected by Java Runtime Environment:
#
#  Internal Error (0xe06d7363), pid=2752, tid=3424
#
# Java VM: Java HotSpot(TM) Client VM (10.0-b19 mixed mode windows-x86)
# Problematic frame:
# C  [KERNELBASE.dll+0x9617]
#
# If you would like to submit a bug report, please visit:
#   http://java.sun.com/webapps/bugreport/crash.jsp
# The crash happened outside the Java Virtual Machine in native code.
# See problematic frame for where to report the bug.
#

---------------  T H R E A D  ---------------

Current thread (0x07abe400):  JavaThread "main" [_thread_in_native, id=3424, stack(0x00430000,0x00c30000)]

siginfo: ExceptionCode=0xe06d7363, ExceptionInformation=0x19930520 0x00c209f4 0x7b3972d4 

Registers:
EAX=0x00c1a914, EBX=0x00000000, ECX=0x00000003, EDX=0x00000000
ESP=0x00c1a914, EBP=0x00c1a964, ESI=0x00c209b8, EDI=0x79407ab4
EIP=0x753b9617, EFLAGS=0x00000216

Top of Stack: (sp=0x00c1a914)
0x00c1a914:   e06d7363 00000001 00000000 753b9617
0x00c1a924:   00000003 19930520 00c209f4 7b3972d4
0x00c1a934:   208a4140 0000002f 208a2150 00000025
0x00c1a944:   00c1a968 002c394d 208a4140 0000002f
0x00c1a954:   002c3958 00000025 00c209d8 00c20a14
0x00c1a964:   00c1a99c 00248e89 e06d7363 00000001
0x00c1a974:   00000003 00c1a990 e06d7363 00000001
0x00c1a984:   00000000 00000000 00000003 19930520 

Instructions: (pc=0x753b9617)
0x753b9607:   d1 ff ff 83 c4 0c 8d 45 b0 50 ff 15 6c 11 3b 75
0x753b9617:   c9 c2 10 00 89 45 c0 eb ed 90 90 90 90 90 8b ff 


Stack: [0x00430000,0x00c30000],  sp=0x00c1a914,  free space=8106k
Native frames: (J=compiled Java code, j=interpreted, Vv=VM code, C=native code)
C  [KERNELBASE.dll+0x9617]
C  [MSVCR80.dll+0x28e89]
C  [libmx.dll+0x13bc9]
C  [libmx.dll+0x14218]
C  [jmi.dll+0x5b6c]
C  [jmi.dll+0x5bec]
C  [jmi.dll+0x6778]
C  0x7aeb2143
C  0x7aeb20d3
C  0x7aeb2227
C  [libmwservices.dll+0xb8bbd]
C  0x7878d717
C  0x78786d8a
C  0x78786e5f
C  0x7878ab54
C  0x7878a086
C  [mlutil.dll+0x1267f]
C  [mlutil.dll+0x1a0fd]
C  0x7878abea
v  ~BufferBlob::Interpreter
v  ~BufferBlob::Interpreter
v  ~BufferBlob::Interpreter
v  ~BufferBlob::Interpreter
v  ~BufferBlob::Interpreter
v  ~BufferBlob::Interpreter
v  ~BufferBlob::Interpreter
v  ~BufferBlob::Interpreter
v  ~BufferBlob::Interpreter
v  ~BufferBlob::Interpreter
v  ~BufferBlob::Interpreter
v  ~BufferBlob::Interpreter
v  ~BufferBlob::Interpreter
v  ~BufferBlob::Interpreter
v  ~BufferBlob::Interpreter
v  ~BufferBlob::Interpreter
v  ~BufferBlob::Interpreter
v  ~BufferBlob::StubRoutines (1)

Java frames: (J=compiled Java code, j=interpreted, Vv=VM code)
v  ~BufferBlob::Interpreter
v  ~BufferBlob::Interpreter
v  ~BufferBlob::Interpreter
v  ~BufferBlob::Interpreter
v  ~BufferBlob::Interpreter
v  ~BufferBlob::Interpreter
v  ~BufferBlob::Interpreter
v  ~BufferBlob::Interpreter
v  ~BufferBlob::Interpreter
v  ~BufferBlob::Interpreter
v  ~BufferBlob::Interpreter
v  ~BufferBlob::Interpreter
v  ~BufferBlob::Interpreter
v  ~BufferBlob::Interpreter
v  ~BufferBlob::Interpreter
v  ~BufferBlob::Interpreter
v  ~BufferBlob::Interpreter
v  ~BufferBlob::StubRoutines (1)

---------------  P R O C E S S  ---------------

Java Threads: ( => current thread )
  0x20d27800 JavaThread "Thread-609" [_thread_blocked, id=5900, stack(0x03d70000,0x03df0000)]
  0x0c30bc00 JavaThread "Active Reference Queue Daemon" daemon [_thread_blocked, id=5908, stack(0x07410000,0x07490000)]
  0x0c30c000 JavaThread "Timer-14" daemon [_thread_blocked, id=5956, stack(0x07210000,0x07290000)]
  0x0c30b000 JavaThread "Prefs Updater" [_thread_blocked, id=2940, stack(0x0c960000,0x0c9e0000)]
  0x0c30a400 JavaThread "Timer-4" daemon [_thread_blocked, id=4988, stack(0x0f740000,0x0f7c0000)]
  0x0bd2cc00 JavaThread "TimerQueue" daemon [_thread_blocked, id=3148, stack(0x0d3b0000,0x0d430000)]
  0x0bffb800 JavaThread "AWT-Shutdown" [_thread_blocked, id=6096, stack(0x0c590000,0x0c610000)]
  0x0bf5e800 JavaThread "AWT-Windows" daemon [_thread_blocked, id=6128, stack(0x0c810000,0x0c890000)]
  0x0bf33800 JavaThread "Java2D Disposer" daemon [_thread_blocked, id=6136, stack(0x0c510000,0x0c590000)]
  0x0b712800 JavaThread "Timer-0" [_thread_blocked, id=6132, stack(0x0b890000,0x0b910000)]
  0x0b6cf800 JavaThread "JMI Unnamed Thread" [_thread_in_native, id=2204, stack(0x04d70000,0x05570000)]
  0x07b6a000 JavaThread "Low Memory Detector" daemon [_thread_blocked, id=6076, stack(0x0ae10000,0x0ae90000)]
  0x07b68800 JavaThread "CompilerThread0" daemon [_thread_blocked, id=168, stack(0x0a610000,0x0ae10000)]
  0x07b5cc00 JavaThread "Attach Listener" daemon [_thread_blocked, id=2564, stack(0x0a590000,0x0a610000)]
  0x07b3f000 JavaThread "Finalizer" daemon [_thread_blocked, id=1816, stack(0x0a510000,0x0a590000)]
  0x07b3e000 JavaThread "Reference Handler" daemon [_thread_blocked, id=1920, stack(0x0a490000,0x0a510000)]
=>0x07abe400 JavaThread "main" [_thread_in_native, id=3424, stack(0x00430000,0x00c30000)]

Other Threads:
  0x07b39800 VMThread [stack: 0x09c90000,0x0a490000] [id=2960]
  0x07b7b000 WatcherThread [stack: 0x0ae90000,0x0b690000] [id=6116]

VM state:at safepoint (normal execution)

VM Mutex/Monitor currently owned by a thread:  ([mutex/lock_event])
[0x07abeed0/0x00000468] Threads_lock - owner thread: 0x07b39800
[0x07abdd50/0x000004a8] Heap_lock - owner thread: 0x0bf5e800

Heap
 def new generation   total 29504K, used 29503K [0x10010000, 0x12010000, 0x12010000)
  eden space 26240K, 100% used [0x10010000, 0x119b0000, 0x119b0000)
  from space 3264K,  99% used [0x119b0000, 0x11cdfff0, 0x11ce0000)
  to   space 3264K,   0% used [0x11ce0000, 0x11ce0000, 0x12010000)
 tenured generation   total 98304K, used 98303K [0x12010000, 0x18010000, 0x18010000)
   the space 98304K,  99% used [0x12010000, 0x1800fff0, 0x18010000, 0x18010000)
 compacting perm gen  total 34304K, used 34171K [0x18010000, 0x1a190000, 0x1c010000)
   the space 34304K,  99% used [0x18010000, 0x1a16ec48, 0x1a16ee00, 0x1a190000)
No shared spaces configured.

Dynamic libraries:
0x00400000 - 0x0042f000 	E:\Program Files\MATLAB\R2009a\bin\win32\MATLAB.exe
0x77190000 - 0x772cd000 	C:\Windows\SYSTEM32\ntdll.dll
0x75760000 - 0x75834000 	C:\Windows\system32\kernel32.dll
0x753b0000 - 0x753fa000 	C:\Windows\system32\KERNELBASE.dll
0x7b280000 - 0x7b34a000 	E:\Program Files\MATLAB\R2009a\bin\win32\libut.dll
0x76090000 - 0x760ba000 	C:\Windows\system32\imagehlp.dll
0x75e70000 - 0x75f1c000 	C:\Windows\system32\msvcrt.dll
0x75750000 - 0x75755000 	C:\Windows\system32\PSAPI.DLL
0x7bba0000 - 0x7bbbf000 	E:\Program Files\MATLAB\R2009a\bin\win32\LIBEXPAT.dll
0x00220000 - 0x002bb000 	C:\Windows\WinSxS\x86_microsoft.vc80.crt_1fc8b3b9a1e18e3b_8.0.50727.5592_none_d09196c24426e2d4\MSVCR80.dll
0x7b6b0000 - 0x7b791000 	E:\Program Files\MATLAB\R2009a\bin\win32\icuuc38.dll
0x75f20000 - 0x75fc0000 	C:\Windows\system32\ADVAPI32.dll
0x75da0000 - 0x75db9000 	C:\Windows\SYSTEM32\sechost.dll
0x75dc0000 - 0x75e61000 	C:\Windows\system32\RPCRT4.dll
0x7ad90000 - 0x7ad94000 	E:\Program Files\MATLAB\R2009a\bin\win32\icudt38.dll
0x7ada0000 - 0x7adac000 	E:\Program Files\MATLAB\R2009a\bin\win32\icuio38.dll
0x7afe0000 - 0x7b0c4000 	E:\Program Files\MATLAB\R2009a\bin\win32\icuin38.dll
0x002c0000 - 0x00347000 	C:\Windows\WinSxS\x86_microsoft.vc80.crt_1fc8b3b9a1e18e3b_8.0.50727.5592_none_d09196c24426e2d4\MSVCP80.dll
0x75fc0000 - 0x76089000 	C:\Windows\system32\USER32.dll
0x76d10000 - 0x76d5e000 	C:\Windows\system32\GDI32.dll
0x75c90000 - 0x75c9a000 	C:\Windows\system32\LPK.dll
0x75ca0000 - 0x75d3d000 	C:\Windows\system32\USP10.dll
0x782e0000 - 0x78317000 	E:\Program Files\MATLAB\R2009a\bin\win32\libmwfl.dll
0x10000000 - 0x1000e000 	E:\Program Files\MATLAB\R2009a\bin\win32\boost_date_time-vc80-mt-1_36.dll
0x00360000 - 0x00370000 	E:\Program Files\MATLAB\R2009a\bin\win32\boost_signals-vc80-mt-1_36.dll
0x00380000 - 0x00387000 	E:\Program Files\MATLAB\R2009a\bin\win32\boost_system-vc80-mt-1_36.dll
0x003a0000 - 0x003ac000 	E:\Program Files\MATLAB\R2009a\bin\win32\boost_thread-vc80-mt-1_36.dll
0x7b3b0000 - 0x7b59a000 	E:\Program Files\MATLAB\R2009a\bin\win32\libmwservices.dll
0x7b350000 - 0x7b3aa000 	E:\Program Files\MATLAB\R2009a\bin\win32\libmx.dll
0x787a0000 - 0x787b3000 	E:\Program Files\MATLAB\R2009a\bin\win32\zlib1.dll
0x7b5a0000 - 0x7b6af000 	E:\Program Files\MATLAB\R2009a\bin\win32\libmwmathutil.dll
0x79510000 - 0x79543000 	E:\Program Files\MATLAB\R2009a\bin\win32\mpath.dll
0x00c30000 - 0x00c5f000 	E:\Program Files\MATLAB\R2009a\bin\win32\mlutil.dll
0x00c70000 - 0x00ca9000 	E:\Program Files\MATLAB\R2009a\bin\win32\tbb.dll
0x00cb0000 - 0x00d34000 	C:\Windows\WinSxS\x86_microsoft.windows.common-controls_6595b64144ccf1df_5.82.7600.16661_none_ebfb56996c72aefc\COMCTL32.dll
0x77340000 - 0x773bb000 	C:\Windows\system32\comdlg32.dll
0x75840000 - 0x75897000 	C:\Windows\system32\SHLWAPI.dll
0x760c0000 - 0x76d09000 	C:\Windows\system32\SHELL32.dll
0x72d60000 - 0x72d71000 	C:\Windows\system32\NETAPI32.dll
0x72d50000 - 0x72d59000 	C:\Windows\system32\netutils.dll
0x75190000 - 0x751a9000 	C:\Windows\system32\srvcli.dll
0x72b70000 - 0x72b7f000 	C:\Windows\system32\wkscli.dll
0x77300000 - 0x77335000 	C:\Windows\system32\WS2_32.dll
0x75740000 - 0x75746000 	C:\Windows\system32\NSI.dll
0x79a80000 - 0x79ad3000 	E:\Program Files\MATLAB\R2009a\bin\win32\mcr.dll
0x7adb0000 - 0x7adeb000 	E:\Program Files\MATLAB\R2009a\bin\win32\iqm.dll
0x7a080000 - 0x7a558000 	E:\Program Files\MATLAB\R2009a\bin\win32\m_interpreter.dll
0x7ae00000 - 0x7ae0c000 	E:\Program Files\MATLAB\R2009a\bin\win32\libmex.dll
0x79960000 - 0x799b7000 	E:\Program Files\MATLAB\R2009a\bin\win32\m_dispatcher.dll
0x78670000 - 0x7868c000 	E:\Program Files\MATLAB\R2009a\bin\win32\datasvcs.dll
0x78df0000 - 0x78fb2000 	E:\Program Files\MATLAB\R2009a\bin\win32\xerces-c_2_7.dll
0x00db0000 - 0x00e4d000 	E:\Program Files\MATLAB\R2009a\bin\win32\boost_regex-vc80-mt-1_36.dll
0x79870000 - 0x798c7000 	E:\Program Files\MATLAB\R2009a\bin\win32\profiler.dll
0x7ae60000 - 0x7ae7e000 	E:\Program Files\MATLAB\R2009a\bin\win32\libmwmathrng.dll
0x78720000 - 0x78732000 	E:\Program Files\MATLAB\R2009a\bin\win32\m_pcodeio.dll
0x794d0000 - 0x79507000 	E:\Program Files\MATLAB\R2009a\bin\win32\m_ir.dll
0x79b60000 - 0x7a077000 	E:\Program Files\MATLAB\R2009a\bin\win32\m_parser.dll
0x7adf0000 - 0x7adfe000 	E:\Program Files\MATLAB\R2009a\bin\win32\ir_xfmr.dll
0x78320000 - 0x78468000 	E:\Program Files\MATLAB\R2009a\bin\win32\mcos.dll
0x7aea0000 - 0x7aeaa000 	E:\Program Files\MATLAB\R2009a\bin\win32\mtok.dll
0x78700000 - 0x78716000 	E:\Program Files\MATLAB\R2009a\bin\win32\m_pcodegen.dll
0x78650000 - 0x7866b000 	E:\Program Files\MATLAB\R2009a\bin\win32\bridge.dll
0x7aae0000 - 0x7ab64000 	E:\Program Files\MATLAB\R2009a\bin\win32\udd.dll
0x7b7a0000 - 0x7b89b000 	E:\Program Files\MATLAB\R2009a\bin\win32\libmwgui.dll
0x78800000 - 0x789f1000 	E:\Program Files\MATLAB\R2009a\bin\win32\hg.dll
0x78690000 - 0x786b2000 	E:\Program Files\MATLAB\R2009a\bin\win32\libmat.dll
0x7b0d0000 - 0x7b275000 	E:\Program Files\MATLAB\R2009a\bin\win32\libhdf5.dll
0x793e0000 - 0x7941e000 	E:\Program Files\MATLAB\R2009a\bin\win32\jmi.dll
0x790f0000 - 0x7911c000 	E:\Program Files\MATLAB\R2009a\bin\win32\libmwhardcopy.dll
0x79490000 - 0x794c7000 	E:\Program Files\MATLAB\R2009a\bin\win32\libuij.dll
0x78d50000 - 0x78de5000 	E:\Program Files\MATLAB\R2009a\bin\win32\libmwmathlinalg.dll
0x78a60000 - 0x78d42000 	E:\Program Files\MATLAB\R2009a\bin\win32\libmwmathelem.dll
0x78a00000 - 0x78a52000 	E:\Program Files\MATLAB\R2009a\bin\win32\libmwmathcore.dll
0x798d0000 - 0x79917000 	E:\Program Files\MATLAB\R2009a\bin\win32\libmwcholmod.dll
0x7ae10000 - 0x7ae1a000 	E:\Program Files\MATLAB\R2009a\bin\win32\libmwamd.dll
0x7ae40000 - 0x7ae49000 	E:\Program Files\MATLAB\R2009a\bin\win32\libmwcolamd.dll
0x7ae30000 - 0x7ae3d000 	E:\Program Files\MATLAB\R2009a\bin\win32\libmwblas.dll
0x7ae20000 - 0x7ae2c000 	E:\Program Files\MATLAB\R2009a\bin\win32\libmwbinder.dll
0x786c0000 - 0x786f8000 	E:\Program Files\MATLAB\R2009a\bin\win32\libmwlapack.dll
0x01010000 - 0x01045000 	E:\Program Files\MATLAB\R2009a\bin\win32\libmwrookfastbp.dll
0x79120000 - 0x7915c000 	E:\Program Files\MATLAB\R2009a\bin\win32\libmwma57.dll
0x7aef0000 - 0x7afd9000 	E:\Program Files\MATLAB\R2009a\bin\win32\libifcoremd.dll
0x79550000 - 0x79813000 	E:\Program Files\MATLAB\R2009a\bin\win32\libmmd.dll
0x7ae50000 - 0x7ae5c000 	E:\Program Files\MATLAB\R2009a\bin\win32\libmwcsparse.dll
0x79a20000 - 0x79a73000 	E:\Program Files\MATLAB\R2009a\bin\win32\libmwumfpack.dll
0x01090000 - 0x01137000 	E:\Program Files\MATLAB\R2009a\bin\win32\hgdatatypes.dll
0x7ab70000 - 0x7ad89000 	E:\Program Files\MATLAB\R2009a\bin\win32\uiw.dll
0x7aee0000 - 0x7aee9000 	E:\Program Files\MATLAB\R2009a\bin\win32\uinone.dll
0x01170000 - 0x0127f000 	C:\Windows\WinSxS\x86_microsoft.vc80.mfc_1fc8b3b9a1e18e3b_8.0.50727.5592_none_cbf62b764709d1c9\MFC80.DLL
0x73ae0000 - 0x73b31000 	C:\Windows\system32\WINSPOOL.DRV
0x76e40000 - 0x76f9c000 	C:\Windows\system32\ole32.dll
0x76d60000 - 0x76def000 	C:\Windows\system32\OLEAUT32.dll
0x79ae0000 - 0x79b55000 	E:\Program Files\MATLAB\R2009a\bin\win32\udd_mi.dll
0x78740000 - 0x78753000 	E:\Program Files\MATLAB\R2009a\bin\win32\mwoles05.DLL
0x79820000 - 0x79864000 	E:\Program Files\MATLAB\R2009a\bin\win32\comcli.dll
0x723a0000 - 0x723bb000 	C:\Windows\WinSxS\x86_microsoft.vc80.atl_1fc8b3b9a1e18e3b_8.0.50727.5592_none_d1cb520e4353d918\ATL80.DLL
0x7ae90000 - 0x7ae9b000 	E:\Program Files\MATLAB\R2009a\bin\win32\mlautoregister.dll
0x772e0000 - 0x772ff000 	C:\Windows\system32\IMM32.DLL
0x76fa0000 - 0x7706c000 	C:\Windows\system32\MSCTF.dll
0x75330000 - 0x7533b000 	C:\Windows\system32\profapi.dll
0x752b0000 - 0x752bc000 	C:\Windows\system32\CRYPTBASE.dll
0x738f0000 - 0x73930000 	C:\Windows\system32\uxtheme.dll
0x01480000 - 0x014dd000 	C:\Program Files\360\360Safe\safemon\safemon.dll
0x03280000 - 0x032e6000 	C:\Windows\system32\MSVCP60.dll
0x77070000 - 0x7718a000 	C:\Windows\system32\WININET.dll
0x772d0000 - 0x772d3000 	C:\Windows\system32\Normaliz.dll
0x75ad0000 - 0x75c86000 	C:\Windows\system32\iertutil.dll
0x75630000 - 0x75740000 	C:\Windows\system32\urlmon.dll
0x747b0000 - 0x747b9000 	C:\Windows\system32\VERSION.dll
0x73f20000 - 0x740be000 	C:\Windows\WinSxS\x86_microsoft.windows.common-controls_6595b64144ccf1df_6.0.7600.16661_none_420fe3fa2b8113bd\comctl32.dll
0x75930000 - 0x75acd000 	C:\Windows\system32\SETUPAPI.dll
0x75490000 - 0x754b7000 	C:\Windows\system32\CFGMGR32.dll
0x754c0000 - 0x754d2000 	C:\Windows\system32\DEVOBJ.dll
0x758a0000 - 0x75923000 	C:\Windows\system32\CLBCatQ.DLL
0x74480000 - 0x74575000 	C:\Windows\system32\propsys.dll
0x745c0000 - 0x745e1000 	C:\Windows\system32\ntmarta.dll
0x76df0000 - 0x76e35000 	C:\Windows\system32\WLDAP32.dll
0x73b50000 - 0x73b6c000 	C:\Windows\system32\iphlpapi.dll
0x73660000 - 0x73667000 	C:\Windows\system32\WINNSI.DLL
0x74c60000 - 0x74ca4000 	C:\Windows\system32\DNSAPI.dll
0x72ba0000 - 0x72bad000 	C:\Windows\system32\dhcpcsvc6.DLL
0x72b80000 - 0x72b92000 	C:\Windows\system32\dhcpcsvc.DLL
0x723d0000 - 0x723d3000 	C:\Windows\system32\icmp.Dll
0x79190000 - 0x793e0000 	E:\Program Files\MATLAB\R2009a\sys\java\jre\win32\jre\bin\client\jvm.dll
0x73e00000 - 0x73e32000 	C:\Windows\system32\WINMM.dll
0x05570000 - 0x055c6000 	E:\Program Files\MATLAB\R2009a\bin\win32\MSVCR71.dll
0x75260000 - 0x752ab000 	C:\Windows\system32\apphelp.dll
0x055d0000 - 0x056bb000 	C:\Windows\system32\dbghelp.dll

VM Arguments:
jvm_args: -Xss512k -XX:PermSize=32m -Xms64m -XX:NewRatio=3 -XX:MaxPermSize=64m -Xmx128m -XX:MaxDirectMemorySize=1200000000 -Dsun.java2d.noddraw=true -Dsun.awt.nopixfmt=true -Xshare:off -Xrs -Djava.library.path=E:\Program Files\MATLAB\R2009a\bin\win32 vfprintf abort 
java_command: <unknown>
Launcher Type: generic

Environment Variables:
PATH=E:\Program Files\MATLAB\R2009a\sys\java\jre\win32\jre\bin;E:\Program Files\MATLAB\R2009a\sys\webrenderer\windows\corecomponents;E:\Program Files\MATLAB\R2009a\sys\webrenderer\windows;C:\Program Files\Common Files\Microsoft Shared\Windows Live;C:\Windows\system32;C:\Windows;C:\Windows\System32\Wbem;C:\Windows\System32\WindowsPowerShell\v1.0\;C:\Program Files\ATI Technologies\ATI.ACE\Core-Static;C:\Program Files\Common Files\Lenovo;C:\Program Files\Common Files\Ulead Systems\MPEG;C:\Program Files\Windows Live\Shared;C:\SWTOOLS\ReadyApps;C:\Program Files\Common Files\Thunder Network\KanKan\Codecs;E:\Program Files\MATLAB\R2009a\bin;E:\Program Files\MATLAB\R2009a\bin\win32
USERNAME=chufan
OS=Windows_NT
PROCESSOR_IDENTIFIER=x86 Family 6 Model 37 Stepping 5, GenuineIntel



---------------  S Y S T E M  ---------------

OS: Windows NT 6.1 Build 7600 

CPU:total 4 (8 cores per cpu, 2 threads per core) family 6 model 5 stepping 5, cmov, cx8, fxsr, mmx, sse, sse2, sse3, ssse3, ht

Memory: 4k page, physical 2019892k(780744k free), swap 4039784k(2492476k free)

vm_info: Java HotSpot(TM) Client VM (10.0-b19) for windows-x86 JRE (1.6.0_04-b12), built on Dec 14 2007 00:51:20 by "java_re" with MS VC++ 7.1

time: Sat Apr 30 23:26:04 2011
elapsed time: 10143 seconds

